# JRE version: Java(TM) SE Runtime Environment (8.0_25-b17) (build 1.8.0_25-b17)
# Java VM: Java HotSpot(TM) 64-Bit Server VM (25.25-b02 mixed mode bsd-amd64 compressed oops)
Heap:
 PSYoungGen      total 293888K, used 147909K [0x00000007aab00000, 0x00000007c0000000, 0x00000007c0000000)
  eden space 284672K, 48% used [0x00000007aab00000,0x00000007b3279130,0x00000007bc100000)
  from space 9216K, 99% used [0x00000007bc100000,0x00000007bc9f84f0,0x00000007bca00000)
  to   space 10752K, 0% used [0x00000007bf580000,0x00000007bf580000,0x00000007c0000000)
 ParOldGen       total 53760K, used 27053K [0x0000000780000000, 0x0000000783480000, 0x00000007aab00000)
  object space 53760K, 50% used [0x0000000780000000,0x0000000781a6b5a0,0x0000000783480000)
 Metaspace       used 55276K, capacity 56464K, committed 56960K, reserved 1099776K
  class space    used 6356K, capacity 6675K, committed 6784K, reserved 1048576K
GC Heap History (10 events):
Event: 15.953 GC heap before
{Heap before GC invocations=13 (full 2):
 PSYoungGen      total 175104K, used 5467K [0x00000007aab00000, 0x00000007b9b00000, 0x00000007c0000000)
  eden space 166912K, 0% used [0x00000007aab00000,0x00000007aab00000,0x00000007b4e00000)
  from space 8192K, 66% used [0x00000007b4e00000,0x00000007b5356f68,0x00000007b5600000)
  to   space 8192K, 0% used [0x00000007b9300000,0x00000007b9300000,0x00000007b9b00000)
 ParOldGen       total 36352K, used 15937K [0x0000000780000000, 0x0000000782380000, 0x00000007aab00000)
  object space 36352K, 43% used [0x0000000780000000,0x0000000780f904e8,0x0000000782380000)
 Metaspace       used 34362K, capacity 35230K, committed 35416K, reserved 1081344K
  class space    used 4040K, capacity 4336K, committed 4352K, reserved 1048576K
Event: 16.130 GC heap after
Heap after GC invocations=13 (full 2):
 PSYoungGen      total 175104K, used 0K [0x00000007aab00000, 0x00000007b9b00000, 0x00000007c0000000)
  eden space 166912K, 0% used [0x00000007aab00000,0x00000007aab00000,0x00000007b4e00000)
  from space 8192K, 0% used [0x00000007b4e00000,0x00000007b4e00000,0x00000007b5600000)
  to   space 8192K, 0% used [0x00000007b9300000,0x00000007b9300000,0x00000007b9b00000)
 ParOldGen       total 53760K, used 19925K [0x0000000780000000, 0x0000000783480000, 0x00000007aab00000)
  object space 53760K, 37% used [0x0000000780000000,0x00000007813756e8,0x0000000783480000)
 Metaspace       used 34362K, capacity 35230K, committed 35416K, reserved 1081344K
  class space    used 4040K, capacity 4336K, committed 4352K, reserved 1048576K
}
Event: 17.415 GC heap before
{Heap before GC invocations=14 (full 2):
 PSYoungGen      total 175104K, used 166912K [0x00000007aab00000, 0x00000007b9b00000, 0x00000007c0000000)
  eden space 166912K, 100% used [0x00000007aab00000,0x00000007b4e00000,0x00000007b4e00000)
  from space 8192K, 0% used [0x00000007b4e00000,0x00000007b4e00000,0x00000007b5600000)
  to   space 8192K, 0% used [0x00000007b9300000,0x00000007b9300000,0x00000007b9b00000)
 ParOldGen       total 53760K, used 19925K [0x0000000780000000, 0x0000000783480000, 0x00000007aab00000)
  object space 53760K, 37% used [0x0000000780000000,0x00000007813756e8,0x0000000783480000)
 Metaspace       used 38608K, capacity 39572K, committed 39936K, reserved 1085440K
  class space    used 4512K, capacity 4803K, committed 4864K, reserved 1048576K
Event: 17.430 GC heap after
Heap after GC invocations=14 (full 2):
 PSYoungGen      total 225792K, used 5333K [0x00000007aab00000, 0x00000007b9880000, 0x00000007c0000000)
  eden space 220160K, 0% used [0x00000007aab00000,0x00000007aab00000,0x00000007b8200000)
  from space 5632K, 94% used [0x00000007b9300000,0x00000007b9835430,0x00000007b9880000)
  to   space 8192K, 0% used [0x00000007b8880000,0x00000007b8880000,0x00000007b9080000)
 ParOldGen       total 53760K, used 19933K [0x0000000780000000, 0x0000000783480000, 0x00000007aab00000)
  object space 53760K, 37% used [0x0000000780000000,0x00000007813776e8,0x0000000783480000)
 Metaspace       used 38608K, capacity 39572K, committed 39936K, reserved 1085440K
  class space    used 4512K, capacity 4803K, committed 4864K, reserved 1048576K
}
Event: 19.457 GC heap before
{Heap before GC invocations=15 (full 2):
 PSYoungGen      total 225792K, used 225493K [0x00000007aab00000, 0x00000007b9880000, 0x00000007c0000000)
  eden space 220160K, 100% used [0x00000007aab00000,0x00000007b8200000,0x00000007b8200000)
  from space 5632K, 94% used [0x00000007b9300000,0x00000007b9835430,0x00000007b9880000)
  to   space 8192K, 0% used [0x00000007b8880000,0x00000007b8880000,0x00000007b9080000)
 ParOldGen       total 53760K, used 19933K [0x0000000780000000, 0x0000000783480000, 0x00000007aab00000)
  object space 53760K, 37% used [0x0000000780000000,0x00000007813776e8,0x0000000783480000)
 Metaspace       used 43828K, capacity 44942K, committed 45184K, reserved 1089536K
  class space    used 5125K, capacity 5464K, committed 5504K, reserved 1048576K
Event: 19.482 GC heap after
Heap after GC invocations=15 (full 2):
 PSYoungGen      total 235008K, used 6367K [0x00000007aab00000, 0x00000007bd280000, 0x00000007c0000000)
  eden space 226816K, 0% used [0x00000007aab00000,0x00000007aab00000,0x00000007b8880000)
  from space 8192K, 77% used [0x00000007b8880000,0x00000007b8eb7fb8,0x00000007b9080000)
  to   space 8704K, 0% used [0x00000007bca00000,0x00000007bca00000,0x00000007bd280000)
 ParOldGen       total 53760K, used 22202K [0x0000000780000000, 0x0000000783480000, 0x00000007aab00000)
  object space 53760K, 41% used [0x0000000780000000,0x00000007815aeac0,0x0000000783480000)
 Metaspace       used 43828K, capacity 44942K, committed 45184K, reserved 1089536K
  class space    used 5125K, capacity 5464K, committed 5504K, reserved 1048576K
}
Event: 22.923 GC heap before
{Heap before GC invocations=16 (full 2):
 PSYoungGen      total 235008K, used 233183K [0x00000007aab00000, 0x00000007bd280000, 0x00000007c0000000)
  eden space 226816K, 100% used [0x00000007aab00000,0x00000007b8880000,0x00000007b8880000)
  from space 8192K, 77% used [0x00000007b8880000,0x00000007b8eb7fb8,0x00000007b9080000)
  to   space 8704K, 0% used [0x00000007bca00000,0x00000007bca00000,0x00000007bd280000)
 ParOldGen       total 53760K, used 22202K [0x0000000780000000, 0x0000000783480000, 0x00000007aab00000)
  object space 53760K, 41% used [0x0000000780000000,0x00000007815aeac0,0x0000000783480000)
 Metaspace       used 47928K, capacity 49104K, committed 49536K, reserved 1093632K
  class space    used 5561K, capacity 5923K, committed 6016K, reserved 1048576K
Event: 22.940 GC heap after
Heap after GC invocations=16 (full 2):
 PSYoungGen      total 293376K, used 7009K [0x00000007aab00000, 0x00000007bd500000, 0x00000007c0000000)
  eden space 284672K, 0% used [0x00000007aab00000,0x00000007aab00000,0x00000007bc100000)
  from space 8704K, 80% used [0x00000007bca00000,0x00000007bd0d8430,0x00000007bd280000)
  to   space 9216K, 0% used [0x00000007bc100000,0x00000007bc100000,0x00000007bca00000)
 ParOldGen       total 53760K, used 25347K [0x0000000780000000, 0x0000000783480000, 0x00000007aab00000)
  object space 53760K, 47% used [0x0000000780000000,0x00000007818c0d48,0x0000000783480000)
 Metaspace       used 47928K, capacity 49104K, committed 49536K, reserved 1093632K
  class space    used 5561K, capacity 5923K, committed 6016K, reserved 1048576K
}
Event: 25.967 GC heap before
{Heap before GC invocations=17 (full 2):
 PSYoungGen      total 293376K, used 291681K [0x00000007aab00000, 0x00000007bd500000, 0x00000007c0000000)
  eden space 284672K, 100% used [0x00000007aab00000,0x00000007bc100000,0x00000007bc100000)
  from space 8704K, 80% used [0x00000007bca00000,0x00000007bd0d8430,0x00000007bd280000)
  to   space 9216K, 0% used [0x00000007bc100000,0x00000007bc100000,0x00000007bca00000)
 ParOldGen       total 53760K, used 25347K [0x0000000780000000, 0x0000000783480000, 0x00000007aab00000)
  object space 53760K, 47% used [0x0000000780000000,0x00000007818c0d48,0x0000000783480000)
 Metaspace       used 53257K, capacity 54438K, committed 54912K, reserved 1097728K
  class space    used 6144K, capacity 6476K, committed 6528K, reserved 1048576K
Event: 25.989 GC heap after
Heap after GC invocations=17 (full 2):
 PSYoungGen      total 293888K, used 9185K [0x00000007aab00000, 0x00000007c0000000, 0x00000007c0000000)
  eden space 284672K, 0% used [0x00000007aab00000,0x00000007aab00000,0x00000007bc100000)
  from space 9216K, 99% used [0x00000007bc100000,0x00000007bc9f84f0,0x00000007bca00000)
  to   space 10752K, 0% used [0x00000007bf580000,0x00000007bf580000,0x00000007c0000000)
 ParOldGen       total 53760K, used 27053K [0x0000000780000000, 0x0000000783480000, 0x00000007aab00000)
  object space 53760K, 50% used [0x0000000780000000,0x0000000781a6b5a0,0x0000000783480000)
 Metaspace       used 53257K, capacity 54438K, committed 54912K, reserved 1097728K
  class space    used 6144K, capacity 6476K, committed 6528K, reserved 1048576K
}

